{"/Users/edmojica/Desktop/palenca-api/dist/src/controllers/controllers.js": {"path":"/Users/edmojica/Desktop/palenca-api/dist/src/controllers/controllers.js","statementMap":{"0":{"start":{"line":2,"column":22},"end":{"line":4,"column":1}},"1":{"start":{"line":3,"column":4},"end":{"line":3,"column":62}},"2":{"start":{"line":5,"column":0},"end":{"line":5,"column":62}},"3":{"start":{"line":6,"column":0},"end":{"line":6,"column":66}},"4":{"start":{"line":7,"column":20},"end":{"line":7,"column":57}},"5":{"start":{"line":8,"column":15},"end":{"line":8,"column":55}},"6":{"start":{"line":10,"column":16},"end":{"line":12,"column":1}},"7":{"start":{"line":11,"column":4},"end":{"line":11,"column":30}},"8":{"start":{"line":13,"column":0},"end":{"line":13,"column":26}},"9":{"start":{"line":15,"column":18},"end":{"line":48,"column":1}},"10":{"start":{"line":16,"column":32},"end":{"line":16,"column":40}},"11":{"start":{"line":17,"column":4},"end":{"line":24,"column":5}},"12":{"start":{"line":18,"column":25},"end":{"line":21,"column":9}},"13":{"start":{"line":22,"column":8},"end":{"line":22,"column":39}},"14":{"start":{"line":23,"column":8},"end":{"line":23,"column":15}},"15":{"start":{"line":25,"column":4},"end":{"line":32,"column":5}},"16":{"start":{"line":26,"column":25},"end":{"line":29,"column":9}},"17":{"start":{"line":30,"column":8},"end":{"line":30,"column":39}},"18":{"start":{"line":31,"column":8},"end":{"line":31,"column":15}},"19":{"start":{"line":33,"column":4},"end":{"line":47,"column":5}},"20":{"start":{"line":34,"column":29},"end":{"line":34,"column":71}},"21":{"start":{"line":35,"column":25},"end":{"line":38,"column":9}},"22":{"start":{"line":39,"column":8},"end":{"line":39,"column":39}},"23":{"start":{"line":42,"column":25},"end":{"line":45,"column":9}},"24":{"start":{"line":46,"column":8},"end":{"line":46,"column":39}},"25":{"start":{"line":49,"column":0},"end":{"line":49,"column":30}},"26":{"start":{"line":51,"column":19},"end":{"line":69,"column":1}},"27":{"start":{"line":52,"column":29},"end":{"line":52,"column":39}},"28":{"start":{"line":54,"column":4},"end":{"line":68,"column":5}},"29":{"start":{"line":55,"column":24},"end":{"line":55,"column":52}},"30":{"start":{"line":56,"column":25},"end":{"line":60,"column":9}},"31":{"start":{"line":61,"column":8},"end":{"line":61,"column":27}},"32":{"start":{"line":64,"column":25},"end":{"line":66,"column":9}},"33":{"start":{"line":67,"column":8},"end":{"line":67,"column":39}},"34":{"start":{"line":70,"column":0},"end":{"line":70,"column":32}}},"fnMap":{"0":{"name":"(anonymous_0)","decl":{"start":{"line":2,"column":56},"end":{"line":2,"column":57}},"loc":{"start":{"line":2,"column":71},"end":{"line":4,"column":1}},"line":2},"1":{"name":"(anonymous_1)","decl":{"start":{"line":10,"column":16},"end":{"line":10,"column":17}},"loc":{"start":{"line":10,"column":30},"end":{"line":12,"column":1}},"line":10},"2":{"name":"(anonymous_2)","decl":{"start":{"line":15,"column":18},"end":{"line":15,"column":19}},"loc":{"start":{"line":15,"column":32},"end":{"line":48,"column":1}},"line":15},"3":{"name":"(anonymous_3)","decl":{"start":{"line":51,"column":19},"end":{"line":51,"column":20}},"loc":{"start":{"line":51,"column":33},"end":{"line":69,"column":1}},"line":51}},"branchMap":{"0":{"loc":{"start":{"line":2,"column":22},"end":{"line":4,"column":1}},"type":"binary-expr","locations":[{"start":{"line":2,"column":23},"end":{"line":2,"column":27}},{"start":{"line":2,"column":31},"end":{"line":2,"column":51}},{"start":{"line":2,"column":56},"end":{"line":4,"column":1}}],"line":2},"1":{"loc":{"start":{"line":3,"column":11},"end":{"line":3,"column":61}},"type":"cond-expr","locations":[{"start":{"line":3,"column":37},"end":{"line":3,"column":40}},{"start":{"line":3,"column":43},"end":{"line":3,"column":61}}],"line":3},"2":{"loc":{"start":{"line":3,"column":12},"end":{"line":3,"column":33}},"type":"binary-expr","locations":[{"start":{"line":3,"column":12},"end":{"line":3,"column":15}},{"start":{"line":3,"column":19},"end":{"line":3,"column":33}}],"line":3},"3":{"loc":{"start":{"line":17,"column":4},"end":{"line":24,"column":5}},"type":"if","locations":[{"start":{"line":17,"column":4},"end":{"line":24,"column":5}},{"start":{},"end":{}}],"line":17},"4":{"loc":{"start":{"line":25,"column":4},"end":{"line":32,"column":5}},"type":"if","locations":[{"start":{"line":25,"column":4},"end":{"line":32,"column":5}},{"start":{},"end":{}}],"line":25},"5":{"loc":{"start":{"line":33,"column":4},"end":{"line":47,"column":5}},"type":"if","locations":[{"start":{"line":33,"column":4},"end":{"line":47,"column":5}},{"start":{"line":41,"column":9},"end":{"line":47,"column":5}}],"line":33},"6":{"loc":{"start":{"line":33,"column":8},"end":{"line":33,"column":72}},"type":"binary-expr","locations":[{"start":{"line":33,"column":8},"end":{"line":33,"column":38}},{"start":{"line":33,"column":42},"end":{"line":33,"column":72}}],"line":33},"7":{"loc":{"start":{"line":54,"column":4},"end":{"line":68,"column":5}},"type":"if","locations":[{"start":{"line":54,"column":4},"end":{"line":68,"column":5}},{"start":{"line":63,"column":9},"end":{"line":68,"column":5}}],"line":54}},"s":{"0":1,"1":2,"2":1,"3":1,"4":1,"5":1,"6":1,"7":1,"8":1,"9":1,"10":4,"11":4,"12":1,"13":1,"14":1,"15":3,"16":1,"17":1,"18":1,"19":2,"20":1,"21":1,"22":1,"23":1,"24":1,"25":1,"26":1,"27":2,"28":2,"29":1,"30":1,"31":1,"32":1,"33":1,"34":1},"f":{"0":2,"1":1,"2":4,"3":2},"b":{"0":[1,1,1],"1":[1,1],"2":[2,2],"3":[1,3],"4":[1,2],"5":[1,1],"6":[2,1],"7":[1,1]},"inputSourceMap":null,"_coverageSchema":"1a1c01bbd47fc00a2c39e90264f33305004495a9","hash":"7892d16ae2c915b0bdde6bf7aa64caeb541da4ac"}
,"/Users/edmojica/Desktop/palenca-api/dist/src/data/data.js": {"path":"/Users/edmojica/Desktop/palenca-api/dist/src/data/data.js","statementMap":{"0":{"start":{"line":2,"column":0},"end":{"line":2,"column":62}},"1":{"start":{"line":4,"column":17},"end":{"line":17,"column":1}},"2":{"start":{"line":18,"column":0},"end":{"line":18,"column":27}}},"fnMap":{},"branchMap":{},"s":{"0":1,"1":1,"2":1},"f":{},"b":{},"inputSourceMap":null,"_coverageSchema":"1a1c01bbd47fc00a2c39e90264f33305004495a9","hash":"b88d76ba92f36c3ee1bde688b55f6ffb784420f9"}
,"/Users/edmojica/Desktop/palenca-api/dist/src/routes/routes.js": {"path":"/Users/edmojica/Desktop/palenca-api/dist/src/routes/routes.js","statementMap":{"0":{"start":{"line":2,"column":0},"end":{"line":2,"column":62}},"1":{"start":{"line":3,"column":18},"end":{"line":3,"column":36}},"2":{"start":{"line":4,"column":22},"end":{"line":4,"column":59}},"3":{"start":{"line":5,"column":15},"end":{"line":5,"column":38}},"4":{"start":{"line":6,"column":0},"end":{"line":6,"column":39}},"5":{"start":{"line":7,"column":0},"end":{"line":7,"column":52}},"6":{"start":{"line":8,"column":0},"end":{"line":8,"column":68}},"7":{"start":{"line":9,"column":0},"end":{"line":9,"column":25}}},"fnMap":{},"branchMap":{},"s":{"0":1,"1":1,"2":1,"3":1,"4":1,"5":1,"6":1,"7":1},"f":{},"b":{},"inputSourceMap":null,"_coverageSchema":"1a1c01bbd47fc00a2c39e90264f33305004495a9","hash":"145c8a6740bf56f8ed37839d4d73446a49e0cd72"}
,"/Users/edmojica/Desktop/palenca-api/src/controllers/controllers.js": {"path":"/Users/edmojica/Desktop/palenca-api/src/controllers/controllers.js","statementMap":{"0":{"start":{"line":2,"column":0},"end":{"line":2,"column":62}},"1":{"start":{"line":3,"column":0},"end":{"line":3,"column":66}},"2":{"start":{"line":4,"column":18},"end":{"line":4,"column":38}},"3":{"start":{"line":5,"column":13},"end":{"line":5,"column":36}},"4":{"start":{"line":7,"column":14},"end":{"line":9,"column":1}},"5":{"start":{"line":8,"column":4},"end":{"line":8,"column":30}},"6":{"start":{"line":10,"column":0},"end":{"line":10,"column":26}},"7":{"start":{"line":12,"column":16},"end":{"line":45,"column":1}},"8":{"start":{"line":13,"column":13},"end":{"line":13,"column":21}},"9":{"start":{"line":13,"column":31},"end":{"line":13,"column":39}},"10":{"start":{"line":13,"column":52},"end":{"line":13,"column":63}},"11":{"start":{"line":14,"column":4},"end":{"line":21,"column":5}},"12":{"start":{"line":15,"column":23},"end":{"line":18,"column":9}},"13":{"start":{"line":19,"column":8},"end":{"line":19,"column":39}},"14":{"start":{"line":20,"column":8},"end":{"line":20,"column":15}},"15":{"start":{"line":22,"column":4},"end":{"line":29,"column":5}},"16":{"start":{"line":23,"column":23},"end":{"line":26,"column":9}},"17":{"start":{"line":27,"column":8},"end":{"line":27,"column":39}},"18":{"start":{"line":28,"column":8},"end":{"line":28,"column":15}},"19":{"start":{"line":30,"column":4},"end":{"line":44,"column":5}},"20":{"start":{"line":31,"column":27},"end":{"line":31,"column":69}},"21":{"start":{"line":32,"column":23},"end":{"line":35,"column":9}},"22":{"start":{"line":36,"column":8},"end":{"line":36,"column":39}},"23":{"start":{"line":39,"column":23},"end":{"line":42,"column":9}},"24":{"start":{"line":43,"column":8},"end":{"line":43,"column":39}},"25":{"start":{"line":46,"column":0},"end":{"line":46,"column":30}},"26":{"start":{"line":48,"column":17},"end":{"line":66,"column":1}},"27":{"start":{"line":49,"column":23},"end":{"line":49,"column":46}},"28":{"start":{"line":51,"column":4},"end":{"line":65,"column":5}},"29":{"start":{"line":52,"column":22},"end":{"line":52,"column":50}},"30":{"start":{"line":53,"column":23},"end":{"line":57,"column":9}},"31":{"start":{"line":58,"column":8},"end":{"line":58,"column":27}},"32":{"start":{"line":61,"column":23},"end":{"line":63,"column":9}},"33":{"start":{"line":64,"column":8},"end":{"line":64,"column":39}},"34":{"start":{"line":67,"column":0},"end":{"line":67,"column":32}}},"fnMap":{"0":{"name":"(anonymous_0)","decl":{"start":{"line":7,"column":14},"end":{"line":7,"column":15}},"loc":{"start":{"line":7,"column":34},"end":{"line":9,"column":1}},"line":7},"1":{"name":"(anonymous_1)","decl":{"start":{"line":12,"column":16},"end":{"line":12,"column":17}},"loc":{"start":{"line":12,"column":36},"end":{"line":45,"column":1}},"line":12},"2":{"name":"(anonymous_2)","decl":{"start":{"line":48,"column":17},"end":{"line":48,"column":18}},"loc":{"start":{"line":48,"column":37},"end":{"line":66,"column":1}},"line":48}},"branchMap":{"0":{"loc":{"start":{"line":14,"column":4},"end":{"line":21,"column":5}},"type":"if","locations":[{"start":{"line":14,"column":4},"end":{"line":21,"column":5}},{"start":{},"end":{}}],"line":14},"1":{"loc":{"start":{"line":22,"column":4},"end":{"line":29,"column":5}},"type":"if","locations":[{"start":{"line":22,"column":4},"end":{"line":29,"column":5}},{"start":{},"end":{}}],"line":22},"2":{"loc":{"start":{"line":30,"column":4},"end":{"line":44,"column":5}},"type":"if","locations":[{"start":{"line":30,"column":4},"end":{"line":44,"column":5}},{"start":{"line":38,"column":9},"end":{"line":44,"column":5}}],"line":30},"3":{"loc":{"start":{"line":30,"column":8},"end":{"line":30,"column":72}},"type":"binary-expr","locations":[{"start":{"line":30,"column":8},"end":{"line":30,"column":38}},{"start":{"line":30,"column":42},"end":{"line":30,"column":72}}],"line":30},"4":{"loc":{"start":{"line":51,"column":4},"end":{"line":65,"column":5}},"type":"if","locations":[{"start":{"line":51,"column":4},"end":{"line":65,"column":5}},{"start":{"line":60,"column":9},"end":{"line":65,"column":5}}],"line":51}},"s":{"0":1,"1":1,"2":1,"3":1,"4":1,"5":1,"6":1,"7":1,"8":4,"9":4,"10":4,"11":4,"12":1,"13":1,"14":1,"15":3,"16":1,"17":1,"18":1,"19":2,"20":1,"21":1,"22":1,"23":1,"24":1,"25":1,"26":1,"27":2,"28":2,"29":1,"30":1,"31":1,"32":1,"33":1,"34":1},"f":{"0":1,"1":4,"2":2},"b":{"0":[1,3],"1":[1,2],"2":[1,1],"3":[2,1],"4":[1,1]},"inputSourceMap":null,"_coverageSchema":"1a1c01bbd47fc00a2c39e90264f33305004495a9","hash":"82d784251f031ad80a430be08056661e8d59c137"}
,"/Users/edmojica/Desktop/palenca-api/src/data/data.js": {"path":"/Users/edmojica/Desktop/palenca-api/src/data/data.js","statementMap":{"0":{"start":{"line":2,"column":0},"end":{"line":2,"column":62}},"1":{"start":{"line":4,"column":15},"end":{"line":17,"column":1}},"2":{"start":{"line":18,"column":0},"end":{"line":18,"column":27}}},"fnMap":{},"branchMap":{},"s":{"0":1,"1":1,"2":1},"f":{},"b":{},"inputSourceMap":null,"_coverageSchema":"1a1c01bbd47fc00a2c39e90264f33305004495a9","hash":"7dde72744044b2a4a00472e7fae35c9f7a1c9701"}
,"/Users/edmojica/Desktop/palenca-api/src/routes/routes.js": {"path":"/Users/edmojica/Desktop/palenca-api/src/routes/routes.js","statementMap":{"0":{"start":{"line":2,"column":0},"end":{"line":2,"column":62}},"1":{"start":{"line":3,"column":16},"end":{"line":3,"column":34}},"2":{"start":{"line":4,"column":20},"end":{"line":4,"column":57}},"3":{"start":{"line":5,"column":13},"end":{"line":5,"column":36}},"4":{"start":{"line":6,"column":0},"end":{"line":6,"column":39}},"5":{"start":{"line":7,"column":0},"end":{"line":7,"column":52}},"6":{"start":{"line":8,"column":0},"end":{"line":8,"column":68}},"7":{"start":{"line":9,"column":0},"end":{"line":9,"column":25}}},"fnMap":{},"branchMap":{},"s":{"0":1,"1":1,"2":1,"3":1,"4":1,"5":1,"6":1,"7":1},"f":{},"b":{},"inputSourceMap":null,"_coverageSchema":"1a1c01bbd47fc00a2c39e90264f33305004495a9","hash":"d3c2828e1effee473b283763058e3f07f9b64a31"}
}
