TN:
SF:dist/src/controllers/controllers.js
FN:2,(anonymous_0)
FN:10,(anonymous_1)
FN:15,(anonymous_2)
FN:51,(anonymous_3)
FNF:4
FNH:4
FNDA:2,(anonymous_0)
FNDA:1,(anonymous_1)
FNDA:4,(anonymous_2)
FNDA:2,(anonymous_3)
DA:2,1
DA:3,2
DA:5,1
DA:6,1
DA:7,1
DA:8,1
DA:10,1
DA:11,1
DA:13,1
DA:15,1
DA:16,4
DA:17,4
DA:18,1
DA:22,1
DA:23,1
DA:25,3
DA:26,1
DA:30,1
DA:31,1
DA:33,2
DA:34,1
DA:35,1
DA:39,1
DA:42,1
DA:46,1
DA:49,1
DA:51,1
DA:52,2
DA:54,2
DA:55,1
DA:56,1
DA:61,1
DA:64,1
DA:67,1
DA:70,1
LF:35
LH:35
BRDA:2,0,0,1
BRDA:2,0,1,1
BRDA:2,0,2,1
BRDA:3,1,0,1
BRDA:3,1,1,1
BRDA:3,2,0,2
BRDA:3,2,1,2
BRDA:17,3,0,1
BRDA:17,3,1,3
BRDA:25,4,0,1
BRDA:25,4,1,2
BRDA:33,5,0,1
BRDA:33,5,1,1
BRDA:33,6,0,2
BRDA:33,6,1,1
BRDA:54,7,0,1
BRDA:54,7,1,1
BRF:17
BRH:17
end_of_record
TN:
SF:dist/src/data/data.js
FNF:0
FNH:0
DA:2,1
DA:4,1
DA:18,1
LF:3
LH:3
BRF:0
BRH:0
end_of_record
TN:
SF:dist/src/routes/routes.js
FNF:0
FNH:0
DA:2,1
DA:3,1
DA:4,1
DA:5,1
DA:6,1
DA:7,1
DA:8,1
DA:9,1
LF:8
LH:8
BRF:0
BRH:0
end_of_record
TN:
SF:src/controllers/controllers.js
FN:7,(anonymous_0)
FN:12,(anonymous_1)
FN:48,(anonymous_2)
FNF:3
FNH:3
FNDA:1,(anonymous_0)
FNDA:4,(anonymous_1)
FNDA:2,(anonymous_2)
DA:2,1
DA:3,1
DA:4,1
DA:5,1
DA:7,1
DA:8,1
DA:10,1
DA:12,1
DA:13,4
DA:14,4
DA:15,1
DA:19,1
DA:20,1
DA:22,3
DA:23,1
DA:27,1
DA:28,1
DA:30,2
DA:31,1
DA:32,1
DA:36,1
DA:39,1
DA:43,1
DA:46,1
DA:48,1
DA:49,2
DA:51,2
DA:52,1
DA:53,1
DA:58,1
DA:61,1
DA:64,1
DA:67,1
LF:33
LH:33
BRDA:14,0,0,1
BRDA:14,0,1,3
BRDA:22,1,0,1
BRDA:22,1,1,2
BRDA:30,2,0,1
BRDA:30,2,1,1
BRDA:30,3,0,2
BRDA:30,3,1,1
BRDA:51,4,0,1
BRDA:51,4,1,1
BRF:10
BRH:10
end_of_record
TN:
SF:src/data/data.js
FNF:0
FNH:0
DA:2,1
DA:4,1
DA:18,1
LF:3
LH:3
BRF:0
BRH:0
end_of_record
TN:
SF:src/routes/routes.js
FNF:0
FNH:0
DA:2,1
DA:3,1
DA:4,1
DA:5,1
DA:6,1
DA:7,1
DA:8,1
DA:9,1
LF:8
LH:8
BRF:0
BRH:0
end_of_record
